-------------------------------------------------------------------------------
Test set: TestSuite
-------------------------------------------------------------------------------
Tests run: 3, Failures: 1, Errors: 0, Skipped: 0, Time elapsed: 200.297 s <<< FAILURE! - in TestSuite
Academy.E2EProject.Validation.initialized  Time elapsed: 38.247 s  <<< FAILURE!
java.lang.AssertionError: expected [FEATURED COURSES123] but found [FEATURED COURSES]
	at Academy.E2EProject.Validation.initialized(Validation.java:41)

