<?xml version="1.0" encoding="UTF-8"?>
<!-- Generated by org.testng.reporters.JUnitXMLReporter -->
<testsuite hostname="LAPTOP-T86GJU8B" ignored="0" name="Going for validation" tests="1" failures="1" timestamp="2020-12-19T21:19:31 IST" time="147.433" errors="0">
  <testcase name="initialized" time="50.285" classname="Academy.E2EProject.Validation">
    <failure type="java.lang.AssertionError" message="expected [FEATURED COURSES123] but found [FEATURED COURSES]">
      <![CDATA[java.lang.AssertionError: expected [FEATURED COURSES123] but found [FEATURED COURSES]
at Academy.E2EProject.Validation.initialized(Validation.java:34)
at java.util.ArrayList.forEach(Unknown Source)
... Removed 33 stack frames]]>
    </failure>
  </testcase> <!-- initialized -->
</testsuite> <!-- Going for validation -->
