<?xml version="1.0" encoding="UTF-8"?>
<!-- Generated by org.testng.reporters.JUnitXMLReporter -->
<testsuite hostname="LAPTOP-T86GJU8B" ignored="1" name="psb" tests="8" failures="1" timestamp="06 Dec 2020 17:34:32 GMT" time="0.125" errors="0">
  <testcase name="MobilesignimcarLoan" time="0.009" classname="test.test2"/>
  <testcase name="demo2" time="0.004" classname="test.test2"/>
  <testcase name="demo2" time="0.004" classname="test.test2"/>
  <testcase name="demo2" time="0.005" classname="test.test2"/>
  <testcase name="demo" time="0.002" classname="test.day4"/>
  <testcase name="demo1" time="0.004" classname="test.day4">
    <failure type="java.lang.AssertionError" message="expected [true] but found [false]">
      <![CDATA[java.lang.AssertionError: expected [true] but found [false]
at test.day4.demo1(day4.java:26)
at java.util.concurrent.FutureTask.run(Unknown Source)
at java.util.concurrent.ThreadPoolExecutor.runWorker(Unknown Source)
at java.util.concurrent.ThreadPoolExecutor$Worker.run(Unknown Source)
at java.lang.Thread.run(Unknown Source)
... Removed 20 stack frames]]>
    </failure>
  </testcase> <!-- demo1 -->
  <testcase name="demo" time="0.005" classname="test.test1"/>
  <testcase name="demo10" time="0.001" classname="test.test1"/>
  <testcase name="MobilesignimcarLoan" time="0.0" classname="test.test1">
    <ignored/>
  </testcase> <!-- MobilesignimcarLoan -->
</testsuite> <!-- psb -->
