<?xml version="1.0" encoding="UTF-8"?>
<!-- Generated by org.testng.reporters.JUnitXMLReporter -->
<testsuite hostname="LAPTOP-T86GJU8B" ignored="0" name="Test" tests="4" failures="0" timestamp="09 Dec 2020 15:56:58 GMT" time="0.075" errors="0">
  <testcase name="Selenoum" time="0.025" classname="quiclclicacademy.Mavenjava.SeleniumTest"/>
  <testcase name="stest" time="0.0" classname="quiclclicacademy.Mavenjava.SeleniumTest"/>
  <testcase name="A" time="0.0" classname="quiclclicacademy.Mavenjava.APITest"/>
  <testcase name="Api" time="0.0" classname="quiclclicacademy.Mavenjava.APITest"/>
</testsuite> <!-- Test -->
