<?xml version="1.0" encoding="UTF-8"?>
<!-- Generated by org.testng.reporters.JUnitXMLReporter -->
<testsuite hostname="LAPTOP-T86GJU8B" ignored="0" name="Command line test" tests="5" failures="0" timestamp="2020-12-09T21:21:08 IST" time="0.177" errors="0">
  <testcase name="A" time="0.02" classname="quiclclicacademy.Mavenjava.APITest"/>
  <testcase name="Api" time="0.0" classname="quiclclicacademy.Mavenjava.APITest"/>
  <testcase name="App" time="0.01" classname="quiclclicacademy.Mavenjava.AppuimTest"/>
  <testcase name="Selenoum" time="0.0" classname="quiclclicacademy.Mavenjava.SeleniumTest"/>
  <testcase name="stest" time="0.002" classname="quiclclicacademy.Mavenjava.SeleniumTest"/>
</testsuite> <!-- Command line test -->
