<?xml version="1.0" encoding="UTF-8"?>
<testng-results skipped="0" failed="0" ignored="0" total="4" passed="4">
  <reporter-output>
  </reporter-output>
  <suite name="Suite" duration-ms="75" started-at="2020-12-09T15:56:57Z" finished-at="2020-12-09T15:56:57Z">
    <groups>
    </groups>
    <test name="Test" duration-ms="75" started-at="2020-12-09T15:56:57Z" finished-at="2020-12-09T15:56:57Z">
      <class name="quiclclicacademy.Mavenjava.SeleniumTest">
        <test-method status="PASS" signature="Selenoum()[pri:0, instance:quiclclicacademy.Mavenjava.SeleniumTest@5d624da6]" name="Selenoum" duration-ms="25" started-at="2020-12-09T21:26:57Z" finished-at="2020-12-09T21:26:57Z">
          <reporter-output>
          </reporter-output>
        </test-method> <!-- Selenoum -->
        <test-method status="PASS" signature="stest()[pri:0, instance:quiclclicacademy.Mavenjava.SeleniumTest@5d624da6]" name="stest" duration-ms="0" started-at="2020-12-09T21:26:57Z" finished-at="2020-12-09T21:26:57Z">
          <reporter-output>
          </reporter-output>
        </test-method> <!-- stest -->
      </class> <!-- quiclclicacademy.Mavenjava.SeleniumTest -->
      <class name="quiclclicacademy.Mavenjava.APITest">
        <test-method status="PASS" signature="A()[pri:0, instance:quiclclicacademy.Mavenjava.APITest@3f2a3a5]" name="A" duration-ms="0" started-at="2020-12-09T21:26:57Z" finished-at="2020-12-09T21:26:57Z">
          <reporter-output>
          </reporter-output>
        </test-method> <!-- A -->
        <test-method status="PASS" signature="Api()[pri:0, instance:quiclclicacademy.Mavenjava.APITest@3f2a3a5]" name="Api" duration-ms="0" started-at="2020-12-09T21:26:57Z" finished-at="2020-12-09T21:26:57Z">
          <reporter-output>
          </reporter-output>
        </test-method> <!-- Api -->
      </class> <!-- quiclclicacademy.Mavenjava.APITest -->
    </test> <!-- Test -->
  </suite> <!-- Suite -->
</testng-results>
