<?xml version="1.0" encoding="UTF-8"?>
<!-- Generated by org.testng.reporters.JUnitXMLReporter -->
<testsuite hostname="LAPTOP-T86GJU8B" ignored="0" name="Default test" tests="5" failures="0" timestamp="2020-12-27T20:52:07 IST" time="0.127" errors="0">
  <testcase name="Selenoum" time="0.015" classname="quiclclicacademy.Mavenjava.SeleniumTest"/>
  <testcase name="stest" time="0.002" classname="quiclclicacademy.Mavenjava.SeleniumTest"/>
  <testcase name="A" time="0.003" classname="quiclclicacademy.Mavenjava.APITest"/>
  <testcase name="Api" time="0.004" classname="quiclclicacademy.Mavenjava.APITest"/>
  <testcase name="App" time="0.004" classname="quiclclicacademy.Mavenjava.AppuimTest"/>
</testsuite> <!-- Default test -->
