<?xml version="1.0" encoding="UTF-8"?>
<!-- Generated by org.testng.reporters.JUnitXMLReporter -->
<testsuite hostname="LAPTOP-T86GJU8B" ignored="2" name="psb" tests="4" failures="0" timestamp="03 Dec 2020 15:39:14 GMT" time="0.094" errors="0">
  <testcase name="demo" time="0.02" classname="test.test2"/>
  <testcase name="demo" time="0.004" classname="test.test1"/>
  <testcase name="demo1" time="0.002" classname="test.test1"/>
  <testcase name="demo" time="0.002" classname="test.day4"/>
  <testcase name="demo2" time="0.0" classname="test.day4">
    <ignored/>
  </testcase> <!-- demo2 -->
  <testcase name="demo1" time="0.0" classname="test.day4">
    <ignored/>
  </testcase> <!-- demo1 -->
</testsuite> <!-- psb -->
