<?xml version="1.0" encoding="UTF-8"?>
<!-- Generated by org.testng.reporters.JUnitXMLReporter -->
<testsuite hostname="LAPTOP-T86GJU8B" ignored="0" name="Going for validation" tests="1" failures="1" timestamp="2020-12-19T21:46:06 IST" time="99.104" errors="0">
  <testcase name="initialized" time="23.231" classname="Academy.E2EProject.Validation">
    <failure type="java.lang.AssertionError" message="expected [FEATURED COURSES123] but found [FEATURED COURSES]">
      <![CDATA[java.lang.AssertionError: expected [FEATURED COURSES123] but found [FEATURED COURSES]
at Academy.E2EProject.Validation.initialized(Validation.java:35)
at java.util.concurrent.ThreadPoolExecutor.runWorker(ThreadPoolExecutor.java:1142)
at java.util.concurrent.ThreadPoolExecutor$Worker.run(ThreadPoolExecutor.java:617)
at java.lang.Thread.run(Thread.java:748)
... Removed 18 stack frames]]>
    </failure>
  </testcase> <!-- initialized -->
</testsuite> <!-- Going for validation -->
