<?xml version="1.0" encoding="UTF-8"?>
<!-- Generated by org.testng.reporters.JUnitXMLReporter -->
<testsuite hostname="LAPTOP-T86GJU8B" ignored="0" name="GOING TO HomePage" tests="3" failures="1" timestamp="2020-12-21T23:20:34 IST" time="181.758" errors="0">
  <testcase name="initialized" time="38.292" classname="Academy.E2EProject.Validation">
    <failure type="java.lang.AssertionError" message="expected [FEATURED COURSES123] but found [FEATURED COURSES]">
      <![CDATA[java.lang.AssertionError: expected [FEATURED COURSES123] but found [FEATURED COURSES]
at Academy.E2EProject.Validation.initialized(Validation.java:41)
at java.util.ArrayList.forEach(ArrayList.java:1249)
at java.util.concurrent.FutureTask.run(FutureTask.java:266)
at java.util.concurrent.ThreadPoolExecutor.runWorker(ThreadPoolExecutor.java:1142)
at java.util.concurrent.ThreadPoolExecutor$Worker.run(ThreadPoolExecutor.java:617)
at java.lang.Thread.run(Thread.java:748)
... Removed 24 stack frames]]>
    </failure>
  </testcase> <!-- initialized -->
  <testcase name="initialize" time="56.303" classname="Academy.E2EProject.HomePage"/>
  <testcase name="initialize" time="68.285" classname="Academy.E2EProject.HomePage"/>
</testsuite> <!-- GOING TO HomePage -->
