<?xml version="1.0" encoding="UTF-8"?>
<!-- Generated by org.testng.reporters.JUnitXMLReporter -->
<testsuite hostname="LAPTOP-T86GJU8B" ignored="0" name="Test" tests="3" failures="0" timestamp="2020-12-17T21:32:09 IST" time="154.336" errors="0">
  <testcase name="initialized" time="36.418" classname="Academy.E2EProject.Validation"/>
  <testcase name="initialize" time="42.173" classname="Academy.E2EProject.HomePage"/>
  <testcase name="initialize" time="33.868" classname="Academy.E2EProject.HomePage"/>
</testsuite> <!-- Test -->
